freeMem    user   nice system iowait  steal   idle
77778140     1.78    0.00    2.20    0.03    0.00   95.99
77779000     1.78    0.00    2.20    0.03    0.00   95.99
77778572     1.78    0.00    2.20    0.03    0.00   95.99
77777768     1.78    0.00    2.20    0.03    0.00   95.99
77777032     1.78    0.00    2.20    0.03    0.00   95.99
77774684     1.78    0.00    2.20    0.03    0.00   95.99
77771096     1.78    0.00    2.20    0.03    0.00   95.99
77770952     1.78    0.00    2.20    0.03    0.00   95.99
77767476     1.78    0.00    2.20    0.03    0.00   95.99
77766280     1.78    0.00    2.20    0.03    0.00   95.99
77765276     1.78    0.00    2.20    0.03    0.00   95.99
77764268     1.78    0.00    2.20    0.03    0.00   95.99
77764156     1.78    0.00    2.20    0.03    0.00   95.99
77762400     1.78    0.00    2.20    0.03    0.00   95.99
77761392     1.78    0.00    2.20    0.03    0.00   95.99
77759324     1.78    0.00    2.20    0.03    0.00   95.99
77755036     1.78    0.00    2.20    0.03    0.00   95.99
77752916     1.78    0.00    2.20    0.03    0.00   95.99
77756228     1.78    0.00    2.20    0.03    0.00   95.99
77755672     1.78    0.00    2.20    0.03    0.00   95.99
77752532     1.78    0.00    2.20    0.03    0.00   95.99
77749176     1.78    0.00    2.20    0.03    0.00   95.99
77748208     1.78    0.00    2.20    0.03    0.00   95.99
77747444     1.78    0.00    2.20    0.03    0.00   95.99
77745924     1.78    0.00    2.20    0.03    0.00   95.99
77745088     1.78    0.00    2.20    0.03    0.00   95.99
77742372     1.78    0.00    2.20    0.03    0.00   95.99
77742220     1.78    0.00    2.20    0.03    0.00   95.99
77742148     1.78    0.00    2.20    0.03    0.00   95.99
77740572     1.78    0.00    2.20    0.03    0.00   95.99
77739876     1.78    0.00    2.20    0.03    0.00   95.99
77736900     1.78    0.00    2.20    0.03    0.00   95.99
77738596     1.78    0.00    2.20    0.03    0.00   95.99
77737504     1.78    0.00    2.20    0.03    0.00   95.99
77736068     1.78    0.00    2.20    0.03    0.00   95.99
77733708     1.78    0.00    2.20    0.03    0.00   95.99
77729796     1.78    0.00    2.20    0.03    0.00   95.99
77728204     1.78    0.00    2.20    0.03    0.00   95.99
77727360     1.78    0.00    2.20    0.03    0.00   95.99
77726872     1.78    0.00    2.20    0.03    0.00   95.99
77726780     1.78    0.00    2.20    0.03    0.00   95.99
77727480     1.78    0.00    2.20    0.03    0.00   95.99
77725648     1.78    0.00    2.20    0.03    0.00   95.99
77724840     1.78    0.00    2.20    0.03    0.00   95.99
77721960     1.78    0.00    2.20    0.03    0.00   95.99
77720812     1.78    0.00    2.20    0.03    0.00   95.99
77719512     1.78    0.00    2.20    0.03    0.00   95.99
77717612     1.78    0.00    2.20    0.03    0.00   95.99
77717216     1.78    0.00    2.20    0.03    0.00   95.99
77715060     1.78    0.00    2.20    0.03    0.00   95.99
77714464     1.78    0.00    2.20    0.03    0.00   95.99
77715344     1.78    0.00    2.20    0.03    0.00   95.99
77713584     1.78    0.00    2.20    0.03    0.00   95.99
77712732     1.78    0.00    2.20    0.03    0.00   95.99
77712376     1.78    0.00    2.20    0.03    0.00   95.99
77712764     1.78    0.00    2.20    0.03    0.00   95.99
77712388     1.78    0.00    2.20    0.03    0.00   95.99
77711964     1.78    0.00    2.20    0.03    0.00   95.99
77712316     1.78    0.00    2.20    0.03    0.00   95.99
77711496     1.78    0.00    2.20    0.03    0.00   95.99
77711472     1.78    0.00    2.20    0.03    0.00   95.99
77711776     1.78    0.00    2.20    0.03    0.00   95.99
77711852     1.78    0.00    2.20    0.03    0.00   95.99
77710716     1.78    0.00    2.20    0.03    0.00   95.99
77709744     1.78    0.00    2.20    0.03    0.00   95.99
77709272     1.78    0.00    2.20    0.03    0.00   95.99
77707604     1.78    0.00    2.20    0.03    0.00   95.99
77707764     1.78    0.00    2.20    0.03    0.00   95.99
77707444     1.78    0.00    2.20    0.03    0.00   95.99
77706556     1.78    0.00    2.20    0.03    0.00   95.99
77706724     1.78    0.00    2.20    0.03    0.00   95.99
77706408     1.78    0.00    2.20    0.03    0.00   95.99
77704968     1.78    0.00    2.20    0.03    0.00   95.99
77703340     1.78    0.00    2.20    0.03    0.00   95.99
77701500     1.78    0.00    2.20    0.03    0.00   95.99
77700812     1.78    0.00    2.20    0.03    0.00   95.99
77700624     1.78    0.00    2.20    0.03    0.00   95.99
77701660     1.78    0.00    2.20    0.03    0.00   95.99
77700156     1.78    0.00    2.20    0.03    0.00   95.99
77698648     1.78    0.00    2.20    0.03    0.00   95.99
77698084     1.78    0.00    2.20    0.03    0.00   95.99
77697796     1.78    0.00    2.20    0.03    0.00   95.99
77691896     1.78    0.00    2.20    0.03    0.00   95.99
77690408     1.78    0.00    2.20    0.03    0.00   95.99
77689080     1.78    0.00    2.20    0.03    0.00   95.99
77686560     1.78    0.00    2.20    0.03    0.00   95.99
77685188     1.78    0.00    2.20    0.03    0.00   95.99
77683244     1.78    0.00    2.20    0.03    0.00   95.99
77682020     1.78    0.00    2.20    0.03    0.00   95.99
77681260     1.78    0.00    2.20    0.03    0.00   95.99
77678548     1.78    0.00    2.20    0.03    0.00   95.99
77677676     1.78    0.00    2.20    0.03    0.00   95.99
77676440     1.78    0.00    2.20    0.03    0.00   95.99
77675092     1.78    0.00    2.20    0.03    0.00   95.99
77675572     1.78    0.00    2.20    0.03    0.00   95.99
77674460     1.78    0.00    2.20    0.03    0.00   95.99
