2020-01-07 15:44:24,904 [WARN] [Timer-0] org.apache.catalina.startup.DigesterFactory - Could not get url for /javax/servlet/resources/j2ee_1_4.xsd
2020-01-07 15:44:24,906 [WARN] [Timer-0] org.apache.catalina.startup.DigesterFactory - Could not get url for /javax/servlet/resources/xml.xsd
2020-01-07 15:44:24,907 [WARN] [Timer-0] org.apache.catalina.startup.DigesterFactory - Could not get url for /javax/servlet/jsp/resources/jsp_2_0.xsd
2020-01-07 15:44:24,907 [WARN] [Timer-0] org.apache.catalina.startup.DigesterFactory - Could not get url for /javax/servlet/jsp/resources/jsp_2_1.xsd
2020-01-07 15:44:24,907 [WARN] [Timer-0] org.apache.catalina.startup.DigesterFactory - Could not get url for /javax/servlet/jsp/resources/web-jsptaglibrary_1_1.dtd
2020-01-07 15:44:24,907 [WARN] [Timer-0] org.apache.catalina.startup.DigesterFactory - Could not get url for /javax/servlet/jsp/resources/web-jsptaglibrary_1_2.dtd
2020-01-07 15:44:24,908 [WARN] [Timer-0] org.apache.catalina.startup.DigesterFactory - Could not get url for /javax/servlet/jsp/resources/web-jsptaglibrary_2_0.xsd
2020-01-07 15:44:24,908 [WARN] [Timer-0] org.apache.catalina.startup.DigesterFactory - Could not get url for /javax/servlet/jsp/resources/web-jsptaglibrary_2_1.xsd
2020-01-07 15:44:24,909 [WARN] [Timer-0] org.apache.catalina.startup.DigesterFactory - Could not get url for /javax/servlet/resources/web-app_2_2.dtd
2020-01-07 15:44:24,909 [WARN] [Timer-0] org.apache.catalina.startup.DigesterFactory - Could not get url for /javax/servlet/resources/web-app_2_3.dtd
2020-01-07 15:44:24,909 [WARN] [Timer-0] org.apache.catalina.startup.DigesterFactory - Could not get url for /javax/servlet/resources/web-app_2_4.xsd
2020-01-07 15:44:24,910 [WARN] [Timer-0] org.apache.catalina.startup.DigesterFactory - Could not get url for /javax/servlet/resources/web-app_2_5.xsd
2020-01-07 15:44:24,910 [WARN] [Timer-0] org.apache.catalina.startup.DigesterFactory - Could not get url for /javax/servlet/resources/j2ee_web_services_1_1.xsd
2020-01-07 15:44:24,910 [WARN] [Timer-0] org.apache.catalina.startup.DigesterFactory - Could not get url for /javax/servlet/resources/j2ee_web_services_client_1_1.xsd
2020-01-10 13:35:09,617 [WARN] [Timer-0] org.apache.catalina.startup.DigesterFactory - Could not get url for /javax/servlet/resources/j2ee_1_4.xsd
2020-01-10 13:35:09,620 [WARN] [Timer-0] org.apache.catalina.startup.DigesterFactory - Could not get url for /javax/servlet/resources/xml.xsd
2020-01-10 13:35:09,620 [WARN] [Timer-0] org.apache.catalina.startup.DigesterFactory - Could not get url for /javax/servlet/jsp/resources/jsp_2_0.xsd
2020-01-10 13:35:09,621 [WARN] [Timer-0] org.apache.catalina.startup.DigesterFactory - Could not get url for /javax/servlet/jsp/resources/jsp_2_1.xsd
2020-01-10 13:35:09,621 [WARN] [Timer-0] org.apache.catalina.startup.DigesterFactory - Could not get url for /javax/servlet/jsp/resources/web-jsptaglibrary_1_1.dtd
2020-01-10 13:35:09,622 [WARN] [Timer-0] org.apache.catalina.startup.DigesterFactory - Could not get url for /javax/servlet/jsp/resources/web-jsptaglibrary_1_2.dtd
2020-01-10 13:35:09,622 [WARN] [Timer-0] org.apache.catalina.startup.DigesterFactory - Could not get url for /javax/servlet/jsp/resources/web-jsptaglibrary_2_0.xsd
2020-01-10 13:35:09,622 [WARN] [Timer-0] org.apache.catalina.startup.DigesterFactory - Could not get url for /javax/servlet/jsp/resources/web-jsptaglibrary_2_1.xsd
2020-01-10 13:35:09,623 [WARN] [Timer-0] org.apache.catalina.startup.DigesterFactory - Could not get url for /javax/servlet/resources/web-app_2_2.dtd
2020-01-10 13:35:09,624 [WARN] [Timer-0] org.apache.catalina.startup.DigesterFactory - Could not get url for /javax/servlet/resources/web-app_2_3.dtd
2020-01-10 13:35:09,624 [WARN] [Timer-0] org.apache.catalina.startup.DigesterFactory - Could not get url for /javax/servlet/resources/web-app_2_4.xsd
2020-01-10 13:35:09,625 [WARN] [Timer-0] org.apache.catalina.startup.DigesterFactory - Could not get url for /javax/servlet/resources/web-app_2_5.xsd
2020-01-10 13:35:09,625 [WARN] [Timer-0] org.apache.catalina.startup.DigesterFactory - Could not get url for /javax/servlet/resources/j2ee_web_services_1_1.xsd
2020-01-10 13:35:09,626 [WARN] [Timer-0] org.apache.catalina.startup.DigesterFactory - Could not get url for /javax/servlet/resources/j2ee_web_services_client_1_1.xsd
2020-01-10 13:35:09,950 [ERROR] [SpringOsgiExtenderThread-16] org.springframework.osgi.extender.internal.dependencies.startup.DependencyWaiterApplicationContextExecutor - Expecting state (RESOLVING_DEPENDENCIES) not (DEPENDENCIES_RESOLVED) for context [OsgiBundleXmlApplicationContext(bundle=cosbench-driver, config=osgibundle:/META-INF/spring/*.xml)]; assuming an interruption and bailing out
2020-01-10 13:35:09,951 [ERROR] [SpringOsgiExtenderThread-21] org.springframework.osgi.extender.internal.dependencies.startup.DependencyWaiterApplicationContextExecutor - Expecting state (RESOLVING_DEPENDENCIES) not (DEPENDENCIES_RESOLVED) for context [OsgiBundleXmlApplicationContext(bundle=cosbench-driver, config=osgibundle:/META-INF/spring/*.xml)]; assuming an interruption and bailing out
2020-01-10 13:35:09,952 [ERROR] [SpringOsgiExtenderThread-19] org.springframework.osgi.extender.internal.dependencies.startup.DependencyWaiterApplicationContextExecutor - Expecting state (RESOLVING_DEPENDENCIES) not (DEPENDENCIES_RESOLVED) for context [OsgiBundleXmlApplicationContext(bundle=cosbench-driver, config=osgibundle:/META-INF/spring/*.xml)]; assuming an interruption and bailing out
2020-01-10 13:35:09,952 [ERROR] [SpringOsgiExtenderThread-18] org.springframework.osgi.extender.internal.dependencies.startup.DependencyWaiterApplicationContextExecutor - Expecting state (RESOLVING_DEPENDENCIES) not (DEPENDENCIES_RESOLVED) for context [OsgiBundleXmlApplicationContext(bundle=cosbench-driver, config=osgibundle:/META-INF/spring/*.xml)]; assuming an interruption and bailing out
2020-01-10 13:35:09,952 [ERROR] [SpringOsgiExtenderThread-15] org.springframework.osgi.extender.internal.dependencies.startup.DependencyWaiterApplicationContextExecutor - Expecting state (RESOLVING_DEPENDENCIES) not (DEPENDENCIES_RESOLVED) for context [OsgiBundleXmlApplicationContext(bundle=cosbench-driver, config=osgibundle:/META-INF/spring/*.xml)]; assuming an interruption and bailing out
2020-01-10 13:35:09,953 [ERROR] [SpringOsgiExtenderThread-14] org.springframework.osgi.extender.internal.dependencies.startup.DependencyWaiterApplicationContextExecutor - Expecting state (RESOLVING_DEPENDENCIES) not (DEPENDENCIES_RESOLVED) for context [OsgiBundleXmlApplicationContext(bundle=cosbench-driver, config=osgibundle:/META-INF/spring/*.xml)]; assuming an interruption and bailing out
2020-01-10 13:35:09,954 [ERROR] [SpringOsgiExtenderThread-17] org.springframework.osgi.extender.internal.dependencies.startup.DependencyWaiterApplicationContextExecutor - Expecting state (RESOLVING_DEPENDENCIES) not (DEPENDENCIES_RESOLVED) for context [OsgiBundleXmlApplicationContext(bundle=cosbench-driver, config=osgibundle:/META-INF/spring/*.xml)]; assuming an interruption and bailing out
2020-01-10 13:35:09,954 [ERROR] [SpringOsgiExtenderThread-13] org.springframework.osgi.extender.internal.dependencies.startup.DependencyWaiterApplicationContextExecutor - Expecting state (RESOLVING_DEPENDENCIES) not (DEPENDENCIES_RESOLVED) for context [OsgiBundleXmlApplicationContext(bundle=cosbench-driver, config=osgibundle:/META-INF/spring/*.xml)]; assuming an interruption and bailing out
2020-01-10 13:35:09,955 [ERROR] [SpringOsgiExtenderThread-20] org.springframework.osgi.extender.internal.dependencies.startup.DependencyWaiterApplicationContextExecutor - Expecting state (RESOLVING_DEPENDENCIES) not (DEPENDENCIES_RESOLVED) for context [OsgiBundleXmlApplicationContext(bundle=cosbench-driver, config=osgibundle:/META-INF/spring/*.xml)]; assuming an interruption and bailing out
2020-01-10 13:35:09,955 [ERROR] [SpringOsgiExtenderThread-22] org.springframework.osgi.extender.internal.dependencies.startup.DependencyWaiterApplicationContextExecutor - Expecting state (RESOLVING_DEPENDENCIES) not (DEPENDENCIES_RESOLVED) for context [OsgiBundleXmlApplicationContext(bundle=cosbench-driver, config=osgibundle:/META-INF/spring/*.xml)]; assuming an interruption and bailing out
2020-01-10 13:35:36,819 [WARN] [Timer-0] org.apache.catalina.startup.DigesterFactory - Could not get url for /javax/servlet/resources/j2ee_1_4.xsd
2020-01-10 13:35:36,821 [WARN] [Timer-0] org.apache.catalina.startup.DigesterFactory - Could not get url for /javax/servlet/resources/xml.xsd
2020-01-10 13:35:36,822 [WARN] [Timer-0] org.apache.catalina.startup.DigesterFactory - Could not get url for /javax/servlet/jsp/resources/jsp_2_0.xsd
2020-01-10 13:35:36,822 [WARN] [Timer-0] org.apache.catalina.startup.DigesterFactory - Could not get url for /javax/servlet/jsp/resources/jsp_2_1.xsd
2020-01-10 13:35:36,822 [WARN] [Timer-0] org.apache.catalina.startup.DigesterFactory - Could not get url for /javax/servlet/jsp/resources/web-jsptaglibrary_1_1.dtd
2020-01-10 13:35:36,823 [WARN] [Timer-0] org.apache.catalina.startup.DigesterFactory - Could not get url for /javax/servlet/jsp/resources/web-jsptaglibrary_1_2.dtd
2020-01-10 13:35:36,823 [WARN] [Timer-0] org.apache.catalina.startup.DigesterFactory - Could not get url for /javax/servlet/jsp/resources/web-jsptaglibrary_2_0.xsd
2020-01-10 13:35:36,824 [WARN] [Timer-0] org.apache.catalina.startup.DigesterFactory - Could not get url for /javax/servlet/jsp/resources/web-jsptaglibrary_2_1.xsd
2020-01-10 13:35:36,824 [WARN] [Timer-0] org.apache.catalina.startup.DigesterFactory - Could not get url for /javax/servlet/resources/web-app_2_2.dtd
2020-01-10 13:35:36,824 [WARN] [Timer-0] org.apache.catalina.startup.DigesterFactory - Could not get url for /javax/servlet/resources/web-app_2_3.dtd
2020-01-10 13:35:36,825 [WARN] [Timer-0] org.apache.catalina.startup.DigesterFactory - Could not get url for /javax/servlet/resources/web-app_2_4.xsd
2020-01-10 13:35:36,825 [WARN] [Timer-0] org.apache.catalina.startup.DigesterFactory - Could not get url for /javax/servlet/resources/web-app_2_5.xsd
2020-01-10 13:35:36,825 [WARN] [Timer-0] org.apache.catalina.startup.DigesterFactory - Could not get url for /javax/servlet/resources/j2ee_web_services_1_1.xsd
2020-01-10 13:35:36,825 [WARN] [Timer-0] org.apache.catalina.startup.DigesterFactory - Could not get url for /javax/servlet/resources/j2ee_web_services_client_1_1.xsd
2020-01-10 15:00:09,673 [WARN] [Timer-0] org.apache.catalina.startup.DigesterFactory - Could not get url for /javax/servlet/resources/j2ee_1_4.xsd
2020-01-10 15:00:09,676 [WARN] [Timer-0] org.apache.catalina.startup.DigesterFactory - Could not get url for /javax/servlet/resources/xml.xsd
2020-01-10 15:00:09,676 [WARN] [Timer-0] org.apache.catalina.startup.DigesterFactory - Could not get url for /javax/servlet/jsp/resources/jsp_2_0.xsd
2020-01-10 15:00:09,677 [WARN] [Timer-0] org.apache.catalina.startup.DigesterFactory - Could not get url for /javax/servlet/jsp/resources/jsp_2_1.xsd
2020-01-10 15:00:09,677 [WARN] [Timer-0] org.apache.catalina.startup.DigesterFactory - Could not get url for /javax/servlet/jsp/resources/web-jsptaglibrary_1_1.dtd
2020-01-10 15:00:09,678 [WARN] [Timer-0] org.apache.catalina.startup.DigesterFactory - Could not get url for /javax/servlet/jsp/resources/web-jsptaglibrary_1_2.dtd
2020-01-10 15:00:09,679 [WARN] [Timer-0] org.apache.catalina.startup.DigesterFactory - Could not get url for /javax/servlet/jsp/resources/web-jsptaglibrary_2_0.xsd
2020-01-10 15:00:09,679 [WARN] [Timer-0] org.apache.catalina.startup.DigesterFactory - Could not get url for /javax/servlet/jsp/resources/web-jsptaglibrary_2_1.xsd
2020-01-10 15:00:09,680 [WARN] [Timer-0] org.apache.catalina.startup.DigesterFactory - Could not get url for /javax/servlet/resources/web-app_2_2.dtd
2020-01-10 15:00:09,680 [WARN] [Timer-0] org.apache.catalina.startup.DigesterFactory - Could not get url for /javax/servlet/resources/web-app_2_3.dtd
2020-01-10 15:00:09,680 [WARN] [Timer-0] org.apache.catalina.startup.DigesterFactory - Could not get url for /javax/servlet/resources/web-app_2_4.xsd
2020-01-10 15:00:09,681 [WARN] [Timer-0] org.apache.catalina.startup.DigesterFactory - Could not get url for /javax/servlet/resources/web-app_2_5.xsd
2020-01-10 15:00:09,681 [WARN] [Timer-0] org.apache.catalina.startup.DigesterFactory - Could not get url for /javax/servlet/resources/j2ee_web_services_1_1.xsd
2020-01-10 15:00:09,681 [WARN] [Timer-0] org.apache.catalina.startup.DigesterFactory - Could not get url for /javax/servlet/resources/j2ee_web_services_client_1_1.xsd
2020-01-14 15:24:17,057 [WARN] [Timer-0] org.apache.catalina.startup.DigesterFactory - Could not get url for /javax/servlet/resources/j2ee_1_4.xsd
2020-01-14 15:24:17,059 [WARN] [Timer-0] org.apache.catalina.startup.DigesterFactory - Could not get url for /javax/servlet/resources/xml.xsd
2020-01-14 15:24:17,059 [WARN] [Timer-0] org.apache.catalina.startup.DigesterFactory - Could not get url for /javax/servlet/jsp/resources/jsp_2_0.xsd
2020-01-14 15:24:17,059 [WARN] [Timer-0] org.apache.catalina.startup.DigesterFactory - Could not get url for /javax/servlet/jsp/resources/jsp_2_1.xsd
2020-01-14 15:24:17,060 [WARN] [Timer-0] org.apache.catalina.startup.DigesterFactory - Could not get url for /javax/servlet/jsp/resources/web-jsptaglibrary_1_1.dtd
2020-01-14 15:24:17,060 [WARN] [Timer-0] org.apache.catalina.startup.DigesterFactory - Could not get url for /javax/servlet/jsp/resources/web-jsptaglibrary_1_2.dtd
2020-01-14 15:24:17,061 [WARN] [Timer-0] org.apache.catalina.startup.DigesterFactory - Could not get url for /javax/servlet/jsp/resources/web-jsptaglibrary_2_0.xsd
2020-01-14 15:24:17,061 [WARN] [Timer-0] org.apache.catalina.startup.DigesterFactory - Could not get url for /javax/servlet/jsp/resources/web-jsptaglibrary_2_1.xsd
2020-01-14 15:24:17,061 [WARN] [Timer-0] org.apache.catalina.startup.DigesterFactory - Could not get url for /javax/servlet/resources/web-app_2_2.dtd
2020-01-14 15:24:17,061 [WARN] [Timer-0] org.apache.catalina.startup.DigesterFactory - Could not get url for /javax/servlet/resources/web-app_2_3.dtd
2020-01-14 15:24:17,062 [WARN] [Timer-0] org.apache.catalina.startup.DigesterFactory - Could not get url for /javax/servlet/resources/web-app_2_4.xsd
2020-01-14 15:24:17,062 [WARN] [Timer-0] org.apache.catalina.startup.DigesterFactory - Could not get url for /javax/servlet/resources/web-app_2_5.xsd
2020-01-14 15:24:17,063 [WARN] [Timer-0] org.apache.catalina.startup.DigesterFactory - Could not get url for /javax/servlet/resources/j2ee_web_services_1_1.xsd
2020-01-14 15:24:17,063 [WARN] [Timer-0] org.apache.catalina.startup.DigesterFactory - Could not get url for /javax/servlet/resources/j2ee_web_services_client_1_1.xsd
2020-01-14 15:24:24,300 [ERROR] [http-19088-1] freemarker.log._Log4JLoggerFactory$Log4JLogger - Error executing FreeMarker template
FreeMarker template error:
The following has evaluated to null or missing:
==> resource  [in template "404.ftl" at line 14, column 64]

Tip: If the failing expression is known to be legally null/missing, either specify a default value with myOptionalVar!myDefault, or use <#if myOptionalVar??>when-present<#else>when-missing</#if>. (These only cover the last step of the expression; to cover the whole expression, use parenthessis: (myOptionVar.foo)!myDefault, (myOptionVar.foo)??

The failing instruction (FTL stack trace):
----------
==> ${resource}  [in template "404.ftl" at line 14, column 62]
----------

Java stack trace (for programmers):
----------
freemarker.core.InvalidReferenceException: [... Exception message was already printed; see it above ...]
	at freemarker.core.InvalidReferenceException.getInstance(InvalidReferenceException.java:98)
	at freemarker.core.EvalUtil.coerceModelToString(EvalUtil.java:382)
	at freemarker.core.Expression.evalAndCoerceToString(Expression.java:115)
	at freemarker.core.DollarVariable.accept(DollarVariable.java:76)
	at freemarker.core.Environment.visit(Environment.java:265)
	at freemarker.core.MixedContent.accept(MixedContent.java:93)
	at freemarker.core.Environment.visit(Environment.java:265)
	at freemarker.core.Environment.process(Environment.java:243)
	at freemarker.template.Template.process(Template.java:277)
	at org.springframework.web.servlet.view.freemarker.FreeMarkerView.processTemplate(FreeMarkerView.java:366)
	at org.springframework.web.servlet.view.freemarker.FreeMarkerView.doRender(FreeMarkerView.java:283)
	at org.springframework.web.servlet.view.freemarker.FreeMarkerView.renderMergedTemplateModel(FreeMarkerView.java:233)
	at org.springframework.web.servlet.view.AbstractTemplateView.renderMergedOutputModel(AbstractTemplateView.java:167)
	at org.springframework.web.servlet.view.AbstractView.render(AbstractView.java:250)
	at org.springframework.web.servlet.DispatcherServlet.render(DispatcherServlet.java:1047)
	at org.springframework.web.servlet.DispatcherServlet.doDispatch(DispatcherServlet.java:817)
	at org.springframework.web.servlet.DispatcherServlet.doService(DispatcherServlet.java:719)
	at org.springframework.web.servlet.FrameworkServlet.processRequest(FrameworkServlet.java:644)
	at org.springframework.web.servlet.FrameworkServlet.doGet(FrameworkServlet.java:549)
	at javax.servlet.http.HttpServlet.service(HttpServlet.java:690)
	at javax.servlet.http.HttpServlet.service(HttpServlet.java:803)
	at org.apache.catalina.core.ApplicationFilterChain.internalDoFilter(ApplicationFilterChain.java:290)
	at org.apache.catalina.core.ApplicationFilterChain.doFilter(ApplicationFilterChain.java:206)
	at org.apache.catalina.core.StandardWrapperValve.invoke(StandardWrapperValve.java:233)
	at org.apache.catalina.core.StandardContextValve.invoke(StandardContextValve.java:175)
	at org.apache.catalina.authenticator.AuthenticatorBase.invoke(AuthenticatorBase.java:525)
	at org.apache.catalina.core.StandardHostValve.invoke(StandardHostValve.java:128)
	at org.apache.catalina.valves.ErrorReportValve.invoke(ErrorReportValve.java:102)
	at org.apache.catalina.core.StandardEngineValve.invoke(StandardEngineValve.java:109)
	at org.apache.catalina.connector.CoyoteAdapter.service(CoyoteAdapter.java:286)
	at org.apache.coyote.http11.Http11Processor.process(Http11Processor.java:844)
	at org.apache.coyote.http11.Http11Protocol$Http11ConnectionHandler.process(Http11Protocol.java:583)
	at org.apache.tomcat.util.net.JIoEndpoint$Worker.run(JIoEndpoint.java:447)
	at java.lang.Thread.run(Thread.java:748)
2020-01-14 15:24:24,304 [ERROR] [http-19088-1] org.apache.catalina.core.StandardWrapperValve - Servlet.service() for servlet main threw exception
FreeMarker template error:
The following has evaluated to null or missing:
==> resource  [in template "404.ftl" at line 14, column 64]

Tip: If the failing expression is known to be legally null/missing, either specify a default value with myOptionalVar!myDefault, or use <#if myOptionalVar??>when-present<#else>when-missing</#if>. (These only cover the last step of the expression; to cover the whole expression, use parenthessis: (myOptionVar.foo)!myDefault, (myOptionVar.foo)??

The failing instruction (FTL stack trace):
----------
==> ${resource}  [in template "404.ftl" at line 14, column 62]
----------

Java stack trace (for programmers):
----------
freemarker.core.InvalidReferenceException: [... Exception message was already printed; see it above ...]
	at freemarker.core.InvalidReferenceException.getInstance(InvalidReferenceException.java:98)
	at freemarker.core.EvalUtil.coerceModelToString(EvalUtil.java:382)
	at freemarker.core.Expression.evalAndCoerceToString(Expression.java:115)
	at freemarker.core.DollarVariable.accept(DollarVariable.java:76)
	at freemarker.core.Environment.visit(Environment.java:265)
	at freemarker.core.MixedContent.accept(MixedContent.java:93)
	at freemarker.core.Environment.visit(Environment.java:265)
	at freemarker.core.Environment.process(Environment.java:243)
	at freemarker.template.Template.process(Template.java:277)
	at org.springframework.web.servlet.view.freemarker.FreeMarkerView.processTemplate(FreeMarkerView.java:366)
	at org.springframework.web.servlet.view.freemarker.FreeMarkerView.doRender(FreeMarkerView.java:283)
	at org.springframework.web.servlet.view.freemarker.FreeMarkerView.renderMergedTemplateModel(FreeMarkerView.java:233)
	at org.springframework.web.servlet.view.AbstractTemplateView.renderMergedOutputModel(AbstractTemplateView.java:167)
	at org.springframework.web.servlet.view.AbstractView.render(AbstractView.java:250)
	at org.springframework.web.servlet.DispatcherServlet.render(DispatcherServlet.java:1047)
	at org.springframework.web.servlet.DispatcherServlet.doDispatch(DispatcherServlet.java:817)
	at org.springframework.web.servlet.DispatcherServlet.doService(DispatcherServlet.java:719)
	at org.springframework.web.servlet.FrameworkServlet.processRequest(FrameworkServlet.java:644)
	at org.springframework.web.servlet.FrameworkServlet.doGet(FrameworkServlet.java:549)
	at javax.servlet.http.HttpServlet.service(HttpServlet.java:690)
	at javax.servlet.http.HttpServlet.service(HttpServlet.java:803)
	at org.apache.catalina.core.ApplicationFilterChain.internalDoFilter(ApplicationFilterChain.java:290)
	at org.apache.catalina.core.ApplicationFilterChain.doFilter(ApplicationFilterChain.java:206)
	at org.apache.catalina.core.StandardWrapperValve.invoke(StandardWrapperValve.java:233)
	at org.apache.catalina.core.StandardContextValve.invoke(StandardContextValve.java:175)
	at org.apache.catalina.authenticator.AuthenticatorBase.invoke(AuthenticatorBase.java:525)
	at org.apache.catalina.core.StandardHostValve.invoke(StandardHostValve.java:128)
	at org.apache.catalina.valves.ErrorReportValve.invoke(ErrorReportValve.java:102)
	at org.apache.catalina.core.StandardEngineValve.invoke(StandardEngineValve.java:109)
	at org.apache.catalina.connector.CoyoteAdapter.service(CoyoteAdapter.java:286)
	at org.apache.coyote.http11.Http11Processor.process(Http11Processor.java:844)
	at org.apache.coyote.http11.Http11Protocol$Http11ConnectionHandler.process(Http11Protocol.java:583)
	at org.apache.tomcat.util.net.JIoEndpoint$Worker.run(JIoEndpoint.java:447)
	at java.lang.Thread.run(Thread.java:748)
2020-01-14 15:54:23,142 [WARN] [Timer-0] org.apache.catalina.startup.DigesterFactory - Could not get url for /javax/servlet/resources/j2ee_1_4.xsd
2020-01-14 15:54:23,144 [WARN] [Timer-0] org.apache.catalina.startup.DigesterFactory - Could not get url for /javax/servlet/resources/xml.xsd
2020-01-14 15:54:23,145 [WARN] [Timer-0] org.apache.catalina.startup.DigesterFactory - Could not get url for /javax/servlet/jsp/resources/jsp_2_0.xsd
2020-01-14 15:54:23,145 [WARN] [Timer-0] org.apache.catalina.startup.DigesterFactory - Could not get url for /javax/servlet/jsp/resources/jsp_2_1.xsd
2020-01-14 15:54:23,146 [WARN] [Timer-0] org.apache.catalina.startup.DigesterFactory - Could not get url for /javax/servlet/jsp/resources/web-jsptaglibrary_1_1.dtd
2020-01-14 15:54:23,146 [WARN] [Timer-0] org.apache.catalina.startup.DigesterFactory - Could not get url for /javax/servlet/jsp/resources/web-jsptaglibrary_1_2.dtd
2020-01-14 15:54:23,147 [WARN] [Timer-0] org.apache.catalina.startup.DigesterFactory - Could not get url for /javax/servlet/jsp/resources/web-jsptaglibrary_2_0.xsd
2020-01-14 15:54:23,147 [WARN] [Timer-0] org.apache.catalina.startup.DigesterFactory - Could not get url for /javax/servlet/jsp/resources/web-jsptaglibrary_2_1.xsd
2020-01-14 15:54:23,148 [WARN] [Timer-0] org.apache.catalina.startup.DigesterFactory - Could not get url for /javax/servlet/resources/web-app_2_2.dtd
2020-01-14 15:54:23,148 [WARN] [Timer-0] org.apache.catalina.startup.DigesterFactory - Could not get url for /javax/servlet/resources/web-app_2_3.dtd
2020-01-14 15:54:23,148 [WARN] [Timer-0] org.apache.catalina.startup.DigesterFactory - Could not get url for /javax/servlet/resources/web-app_2_4.xsd
2020-01-14 15:54:23,149 [WARN] [Timer-0] org.apache.catalina.startup.DigesterFactory - Could not get url for /javax/servlet/resources/web-app_2_5.xsd
2020-01-14 15:54:23,149 [WARN] [Timer-0] org.apache.catalina.startup.DigesterFactory - Could not get url for /javax/servlet/resources/j2ee_web_services_1_1.xsd
2020-01-14 15:54:23,150 [WARN] [Timer-0] org.apache.catalina.startup.DigesterFactory - Could not get url for /javax/servlet/resources/j2ee_web_services_client_1_1.xsd
